<?xml version="1.0" encoding="UTF-8"?>
<!-- Generated by org.testng.reporters.JUnitReportReporter -->
<testsuite hostname="eze1-lln-b02127" failures="0" tests="2" name="Test01_GET" time="4.981" errors="0" timestamp="2021-02-04T09:29:00 GFT" skipped="0">
  <testcase classname="Test01_GET" name="test_01" time="3.332"/>
  <system-out/>
  <testcase classname="Test01_GET" name="test_02" time="1.649"/>
  <system-out/>
</testsuite> <!-- Test01_GET -->
