<?xml version="1.0" encoding="UTF-8"?>
<!-- Generated by org.testng.reporters.JUnitReportReporter -->
<testsuite hostname="eze1-lln-b02127" failures="0" tests="1" name="tests.SoapXMLRequest" time="2.459" errors="0" timestamp="2021-02-08T14:57:58 GFT" skipped="0">
  <testcase classname="tests.SoapXMLRequest" name="validateSoapXML" time="2.459"/>
  <system-out/>
</testsuite> <!-- tests.SoapXMLRequest -->
