<?xml version="1.0" encoding="UTF-8"?>
<!-- Generated by org.testng.reporters.JUnitReportReporter -->
<testsuite hostname="eze1-lln-b02127" failures="0" tests="1" name="tests.JSONSchemaValidator" time="2.846" errors="0" timestamp="2021-02-05T10:06:00 GFT" skipped="0">
  <testcase classname="tests.JSONSchemaValidator" name="testGet" time="2.846"/>
  <system-out/>
</testsuite> <!-- tests.JSONSchemaValidator -->
