<?xml version="1.0" encoding="UTF-8"?>
<!-- Generated by org.testng.reporters.JUnitReportReporter -->
<testsuite hostname="eze1-lln-b02127" failures="0" tests="2" name="tests.Test01_GET" time="4.848" errors="0" timestamp="2021-02-04T09:42:17 GFT" skipped="0">
  <testcase classname="tests.Test01_GET" name="test_01" time="3.212"/>
  <system-out/>
  <testcase classname="tests.Test01_GET" name="test_02" time="1.636"/>
  <system-out/>
</testsuite> <!-- tests.Test01_GET -->
