<?xml version="1.0" encoding="UTF-8"?>
<!-- Generated by org.testng.reporters.JUnitReportReporter -->
<testsuite hostname="eze1-lln-b02127" failures="0" tests="1" name="tests.TestsOnLocalAPI" time="1.578" errors="0" timestamp="2021-02-05T08:57:33 GFT" skipped="0">
  <testcase classname="tests.TestsOnLocalAPI" name="delete" time="1.578"/>
  <system-out/>
</testsuite> <!-- tests.TestsOnLocalAPI -->
