<?xml version="1.0" encoding="UTF-8"?>
<!-- Generated by org.testng.reporters.JUnitReportReporter -->
<testsuite hostname="eze1-lln-b02127" failures="0" tests="1" name="tests.XMLSchemaValidation" time="3.392" errors="0" timestamp="2021-02-08T17:44:04 GFT" skipped="0">
  <testcase classname="tests.XMLSchemaValidation" name="schemaValidation" time="3.392"/>
  <system-out/>
</testsuite> <!-- tests.XMLSchemaValidation -->
