<?xml version="1.0" encoding="UTF-8"?>
<!-- Generated by org.testng.reporters.JUnitReportReporter -->
<testsuite hostname="eze1-lln-b02127" failures="0" tests="3" name="tests.PutPatchDeleteExamples" time="5.524" errors="0" timestamp="2021-02-04T17:33:48 GFT" skipped="0">
  <testcase classname="tests.PutPatchDeleteExamples" name="testDelete" time="3.658"/>
  <system-out/>
  <testcase classname="tests.PutPatchDeleteExamples" name="testPut" time="0.838"/>
  <system-out/>
  <testcase classname="tests.PutPatchDeleteExamples" name="testPatch" time="1.028"/>
  <system-out/>
</testsuite> <!-- tests.PutPatchDeleteExamples -->
