<?xml version="1.0" encoding="UTF-8"?>
<!-- Generated by org.testng.reporters.JUnitReportReporter -->
<testsuite hostname="eze1-lln-b02127" failures="0" tests="1" name="tests.TestsOnLocalAPI" time="1.404" errors="0" timestamp="2021-02-11T09:36:46 GFT" skipped="0">
  <testcase classname="tests.TestsOnLocalAPI" name="post" time="1.404"/>
  <system-out/>
</testsuite> <!-- tests.TestsOnLocalAPI -->
