<?xml version="1.0" encoding="UTF-8"?>
<!-- Generated by org.testng.reporters.JUnitReportReporter -->
<testsuite hostname="eze1-lln-b02127" failures="0" tests="1" name="tests.GetAndPostExamples" time="2.426" errors="0" timestamp="2021-02-04T11:25:08 GFT" skipped="0">
  <testcase classname="tests.GetAndPostExamples" name="testPost" time="2.426"/>
  <system-out/>
</testsuite> <!-- tests.GetAndPostExamples -->
